<?xml version="1.0" encoding="UTF-8"?>
<!-- Generated by org.testng.reporters.JUnitXMLReporter -->
<testsuite ignored="2" hostname="PeopleNTechs-iMac.local" failures="2" tests="2" name="Amazon Home" time="74.573" errors="0" timestamp="06 Jan 2018 18:34:11 GMT">
  <testcase classname="home.TestDropDownMenu" name="menus" time="40.072">
    <failure type="java.lang.AssertionError" message="expected [text] but found [[]]">
      <![CDATA[java.lang.AssertionError: expected [text] but found [[]]at home.TestDropDownMenu.menus(TestDropDownMenu.java:17)... Removed 29 stack frames]]>
    </failure>
  </testcase> <!-- menus -->
  <testcase classname="search.TestSearch" name="searchItemsTest" time="20.412">
    <failure type="org.openqa.selenium.NoSuchElementException" message="Unable to locate element: .nav-input-1
For documentation on this error, please visit: http://seleniumhq.org/exceptions/no_such_element.html
Build info: version: &amp;apos;3.7.1&amp;apos;, revision: &amp;apos;8a0099a&amp;apos;, time: &amp;apos;2017-11-06T21:01:39.354Z&amp;apos;
System info: host: &amp;apos;PeopleNTechs-iMac.local&amp;apos;, ip: &amp;apos;fe80:0:0:0:14cf:daac:730e:29b7%en0&amp;apos;, os.name: &amp;apos;Mac OS X&amp;apos;, os.arch: &amp;apos;x86_64&amp;apos;, os.version: &amp;apos;10.13.1&amp;apos;, java.version: &amp;apos;9.0.1&amp;apos;
Driver info: org.openqa.selenium.firefox.FirefoxDriver
Capabilities {acceptInsecureCerts: true, browserName: firefox, browserVersion: 57.0.4, javascriptEnabled: true, moz:accessibilityChecks: false, moz:headless: false, moz:processID: 3205, moz:profile: /var/folders/b_/_t_t6nfn4j9..., moz:webdriverClick: false, pageLoadStrategy: normal, platform: MAC, platformName: MAC, platformVersion: 17.2.0, rotatable: false, timeouts: {implicit: 0, pageLoad: 300000, script: 30000}}
Session ID: 243c62b2-2033-804e-bcab-ba99521f2331
*** Element info: {Using=css selector, value=.nav-input-1}">
      <![CDATA[org.openqa.selenium.NoSuchElementException: Unable to locate element: .nav-input-1For documentation on this error, please visit: http://seleniumhq.org/exceptions/no_such_element.htmlBuild info: version: '3.7.1', revision: '8a0099a', time: '2017-11-06T21:01:39.354Z'System info: host: 'PeopleNTechs-iMac.local', ip: 'fe80:0:0:0:14cf:daac:730e:29b7%en0', os.name: 'Mac OS X', os.arch: 'x86_64', os.version: '10.13.1', java.version: '9.0.1'Driver info: org.openqa.selenium.firefox.FirefoxDriverCapabilities {acceptInsecureCerts: true, browserName: firefox, browserVersion: 57.0.4, javascriptEnabled: true, moz:accessibilityChecks: false, moz:headless: false, moz:processID: 3205, moz:profile: /var/folders/b_/_t_t6nfn4j9..., moz:webdriverClick: false, pageLoadStrategy: normal, platform: MAC, platformName: MAC, platformVersion: 17.2.0, rotatable: false, timeouts: {implicit: 0, pageLoad: 300000, script: 30000}}Session ID: 243c62b2-2033-804e-bcab-ba99521f2331*** Element info: {Using=css selector, value=.nav-input-1}at org.openqa.selenium.remote.http.W3CHttpResponseCodec.createException(W3CHttpResponseCodec.java:187)at org.openqa.selenium.remote.http.W3CHttpResponseCodec.decode(W3CHttpResponseCodec.java:122)at org.openqa.selenium.remote.http.W3CHttpResponseCodec.decode(W3CHttpResponseCodec.java:49)at org.openqa.selenium.remote.HttpCommandExecutor.execute(HttpCommandExecutor.java:164)at org.openqa.selenium.remote.service.DriverCommandExecutor.execute(DriverCommandExecutor.java:83)at org.openqa.selenium.remote.RemoteWebDriver.execute(RemoteWebDriver.java:600)at org.openqa.selenium.remote.RemoteWebDriver.findElement(RemoteWebDriver.java:370)at org.openqa.selenium.remote.RemoteWebDriver.findElementByCssSelector(RemoteWebDriver.java:464)at org.openqa.selenium.By$ByCssSelector.findElement(By.java:430)at org.openqa.selenium.remote.RemoteWebDriver.findElement(RemoteWebDriver.java:362)at org.openqa.selenium.support.pagefactory.DefaultElementLocator.findElement(DefaultElementLocator.java:69)at org.openqa.selenium.support.pagefactory.internal.LocatingElementHandler.invoke(LocatingElementHandler.java:38)at com.sun.proxy.$Proxy15.click(Unknown Source)at search.SearchPage.submitSearchButton(SearchPage.java:30)at search.SearchPage.searchItemsAndSubmitButton(SearchPage.java:39)at search.TestSearch.searchItemsTest(TestSearch.java:14)... Removed 28 stack frames]]>
    </failure>
  </testcase> <!-- searchItemsTest -->
  <testcase classname="base.CommonAPI" name="@AfterSuite generateReport" time="0.0">
    <ignored/>
  </testcase> <!-- @AfterSuite generateReport -->
  <testcase classname="base.CommonAPI" name="@BeforeSuite extentSetup" time="0.0">
    <ignored/>
  </testcase> <!-- @BeforeSuite extentSetup -->
</testsuite> <!-- Amazon Home -->
